<?xml version="1.0" encoding="UTF-8"?>
<testng-results skipped="0" failed="0" total="1" passed="1">
  <reporter-output>
  </reporter-output>
  <suite name="today" duration-ms="20039" started-at="2019-12-13T13:10:00Z" finished-at="2019-12-13T13:10:20Z">
    <groups>
    </groups>
    <test name="BankingApp Test" duration-ms="20039" started-at="2019-12-13T13:10:00Z" finished-at="2019-12-13T13:10:20Z">
      <class name="com.internetbanking.testcases.Tcc01_logintest">
        <test-method status="PASS" signature="setup(java.lang.String)[pri:0, instance:com.internetbanking.testcases.Tcc01_logintest@58ceff1]" name="setup" is-config="true" duration-ms="17415" started-at="2019-12-13T18:40:01Z" finished-at="2019-12-13T18:40:18Z">
          <params>
            <param index="0">
              <value>
                <![CDATA[chrome]]>
              </value>
            </param>
          </params>
          <reporter-output>
          </reporter-output>
        </test-method> <!-- setup -->
        <test-method status="PASS" signature="loginTest()[pri:0, instance:com.internetbanking.testcases.Tcc01_logintest@58ceff1]" name="loginTest" duration-ms="1786" started-at="2019-12-13T18:40:18Z" finished-at="2019-12-13T18:40:20Z">
          <reporter-output>
          </reporter-output>
        </test-method> <!-- loginTest -->
        <test-method status="PASS" signature="tearDown()[pri:0, instance:com.internetbanking.testcases.Tcc01_logintest@58ceff1]" name="tearDown" is-config="true" duration-ms="608" started-at="2019-12-13T18:40:20Z" finished-at="2019-12-13T18:40:20Z">
          <reporter-output>
          </reporter-output>
        </test-method> <!-- tearDown -->
      </class> <!-- com.internetbanking.testcases.Tcc01_logintest -->
    </test> <!-- BankingApp Test -->
  </suite> <!-- today -->
</testng-results>
