<?xml version="1.0" encoding="UTF-8"?>
<testng-results skipped="1" failed="0" total="1" passed="0">
  <reporter-output>
  </reporter-output>
  <suite name="Default suite" duration-ms="40" started-at="2019-12-13T10:28:20Z" finished-at="2019-12-13T10:28:20Z">
    <groups>
    </groups>
    <test name="Default test" duration-ms="40" started-at="2019-12-13T10:28:20Z" finished-at="2019-12-13T10:28:20Z">
      <class name="com.internetbanking.testcases.Tcc01_logintest">
        <test-method status="FAIL" signature="setup(java.lang.String)[pri:0, instance:com.internetbanking.testcases.Tcc01_logintest@d8355a8]" name="setup" is-config="true" duration-ms="0" started-at="2019-12-13T15:58:20Z" finished-at="2019-12-13T15:58:20Z">
          <exception class="org.testng.TestNGException">
            <message>
              <![CDATA[
Parameter 'browser' is required by @Configuration on method setup but has not been marked @Optional or defined
in C:\Users\Bradsol\AppData\Local\Temp\testng-eclipse-1022197664\testng-customsuite.xml]]>
            </message>
            <full-stacktrace>
              <![CDATA[org.testng.TestNGException: 
Parameter 'browser' is required by @Configuration on method setup but has not been marked @Optional or defined
in C:\Users\Bradsol\AppData\Local\Temp\testng-eclipse-1022197664\testng-customsuite.xml
	at org.testng.internal.Parameters.createParameters(Parameters.java:154)
	at org.testng.internal.Parameters.createParameters(Parameters.java:361)
	at org.testng.internal.Parameters.createConfigurationParameters(Parameters.java:84)
	at org.testng.internal.Invoker.invokeConfigurations(Invoker.java:201)
	at org.testng.internal.Invoker.invokeConfigurations(Invoker.java:142)
	at org.testng.internal.TestMethodWorker.invokeBeforeClassMethods(TestMethodWorker.java:178)
	at org.testng.internal.TestMethodWorker.run(TestMethodWorker.java:108)
	at org.testng.TestRunner.privateRun(TestRunner.java:782)
	at org.testng.TestRunner.run(TestRunner.java:632)
	at org.testng.SuiteRunner.runTest(SuiteRunner.java:366)
	at org.testng.SuiteRunner.runSequentially(SuiteRunner.java:361)
	at org.testng.SuiteRunner.privateRun(SuiteRunner.java:319)
	at org.testng.SuiteRunner.run(SuiteRunner.java:268)
	at org.testng.SuiteRunnerWorker.runSuite(SuiteRunnerWorker.java:52)
	at org.testng.SuiteRunnerWorker.run(SuiteRunnerWorker.java:86)
	at org.testng.TestNG.runSuitesSequentially(TestNG.java:1244)
	at org.testng.TestNG.runSuitesLocally(TestNG.java:1169)
	at org.testng.TestNG.run(TestNG.java:1064)
	at org.testng.remote.AbstractRemoteTestNG.run(AbstractRemoteTestNG.java:126)
	at org.testng.remote.RemoteTestNG.initAndRun(RemoteTestNG.java:152)
	at org.testng.remote.RemoteTestNG.main(RemoteTestNG.java:57)
]]>
            </full-stacktrace>
          </exception> <!-- org.testng.TestNGException -->
          <reporter-output>
          </reporter-output>
        </test-method> <!-- setup -->
        <test-method status="SKIP" signature="loginTest()[pri:0, instance:com.internetbanking.testcases.Tcc01_logintest@d8355a8]" name="loginTest" duration-ms="10" started-at="2019-12-13T15:58:20Z" finished-at="2019-12-13T15:58:20Z">
          <reporter-output>
          </reporter-output>
        </test-method> <!-- loginTest -->
        <test-method status="SKIP" signature="tearDown()[pri:0, instance:com.internetbanking.testcases.Tcc01_logintest@d8355a8]" name="tearDown" is-config="true" duration-ms="0" started-at="2019-12-13T15:58:20Z" finished-at="2019-12-13T15:58:20Z">
          <reporter-output>
          </reporter-output>
        </test-method> <!-- tearDown -->
      </class> <!-- com.internetbanking.testcases.Tcc01_logintest -->
    </test> <!-- Default test -->
  </suite> <!-- Default suite -->
</testng-results>
